[2K
[2K
[2K
[2K
[2K
[2K
[2K
[2K
[2K
[2K
[10A[1B[2K[worker  1] intialized[0G[1A[2B[2K[worker  2] intialized[0G[2A[3B[2K[worker  3] intialized[0G[3A[4B[2K[worker  4] intialized[0G[4A[5B[2K[worker  5] intialized[0G[5A[6B[2K[worker  6] intialized[0G[6A[7B[2K[worker  7] intialized[0G[7A[8B[2K[worker  8] intialized[0G[8A[9B[2K[worker  9] intialized[0G[9A[10B[2K[worker 10] intialized[0G[10A[7B[2K[worker  7] 6: started[0G[7A[9B[2K[worker  9] 8: started[0G[9A[9B[2K[worker  9] 8: processing[0G[9A[2K8: done
[2K
[2K
[2K
[2K
[2K
[2K
[2K
[2K
[2K
[2K
[10A[1B[2K[worker  1] intialized[0G[1A[2B[2K[worker  2] intialized[0G[2A[3B[2K[worker  3] intialized[0G[3A[4B[2K[worker  4] intialized[0G[4A[5B[2K[worker  5] intialized[0G[5A[6B[2K[worker  6] intialized[0G[6A[7B[2K[worker  7] 6: processing[0G[7A[8B[2K[worker  8] 7: started[0G[8A[9B[2K[worker  9] 8: done[0G[9A[10B[2K[worker 10] intialized[0G[10A[8B[2K[worker  8] 7: started[0G[8A[7B[2K[worker  7] 6: processing[0G[7A[5B[2K[worker  5] 4: started[0G[5A[6B[2K[worker  6] 5: started[0G[6A[4B[2K[worker  4] 3: started[0G[4A[4B[2K[worker  4] 3: processing[0G[4A[2K3: done
[2K
[2K
[2K
[2K
[2K
[2K
[2K
[2K
[2K
[2K
[10A[1B[2K[worker  1] intialized[0G[1A[2B[2K[worker  2] intialized[0G[2A[3B[2K[worker  3] intialized[0G[3A[4B[2K[worker  4] 3: done[0G[4A[5B[2K[worker  5] 4: started[0G[5A[6B[2K[worker  6] 5: started[0G[6A[7B[2K[worker  7] 6: processing[0G[7A[8B[2K[worker  8] 7: started[0G[8A[9B[2K[worker  9] 8: done[0G[9A[10B[2K[worker 10] intialized[0G[10A[1B[2K[worker  1] 0: started[0G[1A[5B[2K[worker  5] 4: processing[0G[5A[6B[2K[worker  6] 5: processing[0G[6A[2B[2K[worker  2] 1: started[0G[2A[9B[2K[worker  9] 10: started[0G[9A[3B[2K[worker  3] 2: started[0G[3A[3B[2K[worker  3] 2: processing[0G[3A[10B[2K[worker 10] 9: started[0G[10A[2K6: done
[2K
[2K
[2K
[2K
[2K
[2K
[2K
[2K
[2K
[2K
[10A[1B[2K[worker  1] 0: started[0G[1A[2B[2K[worker  2] 1: started[0G[2A[3B[2K[worker  3] 2: processing[0G[3A[4B[2K[worker  4] 3: done[0G[4A[5B[2K[worker  5] 4: processing[0G[5A[6B[2K[worker  6] 5: processing[0G[6A[7B[2K[worker  7] 6: done[0G[7A[8B[2K[worker  8] 7: started[0G[8A[9B[2K[worker  9] 10: started[0G[9A[10B[2K[worker 10] 9: started[0G[10A[4B[2K[worker  4] 11: started[0G[4A[10B[2K[worker 10] 9: processing[0G[10A[1B[2K[worker  1] 0: processing[0G[1A[2K5: done
[2K
[2K
[2K
[2K
[2K
[2K
[2K
[2K
[2K
[2K
[10A[1B[2K[worker  1] 0: processing[0G[1A[2B[2K[worker  2] 1: processing[0G[2A[3B[2K[worker  3] 2: processing[0G[3A[4B[2K[worker  4] 11: started[0G[4A[5B[2K[worker  5] 4: processing[0G[5A[6B[2K[worker  6] 5: done[0G[6A[7B[2K[worker  7] 6: done[0G[7A[8B[2K[worker  8] 7: processing[0G[8A[9B[2K[worker  9] 10: started[0G[9A[10B[2K[worker 10] 9: processing[0G[10A[2B[2K[worker  2] 1: processing[0G[2A[8B[2K[worker  8] 7: processing[0G[8A[2K1: done
[2K
[2K
[2K
[2K
[2K
[2K
[2K
[2K
[2K
[2K
[10A[1B[2K[worker  1] 0: processing[0G[1A[2B[2K[worker  2] 1: done[0G[2A[3B[2K[worker  3] 2: processing[0G[3A[4B[2K[worker  4] 11: started[0G[4A[5B[2K[worker  5] 4: processing[0G[5A[6B[2K[worker  6] 5: done[0G[6A[7B[2K[worker  7] 12: started[0G[7A[8B[2K[worker  8] 7: processing[0G[8A[9B[2K[worker  9] 10: started[0G[9A[10B[2K[worker 10] 9: done[0G[10A[7B[2K[worker  7] 12: started[0G[7A[2K9: done
[2K
[2K
[2K
[2K
[2K
[2K
[2K
[2K
[2K
[2K
[10A[1B[2K[worker  1] 0: processing[0G[1A[2B[2K[worker  2] 1: done[0G[2A[3B[2K[worker  3] 2: processing[0G[3A[4B[2K[worker  4] 11: started[0G[4A[5B[2K[worker  5] 4: processing[0G[5A[6B[2K[worker  6] 5: done[0G[6A[7B[2K[worker  7] 12: started[0G[7A[8B[2K[worker  8] 7: processing[0G[8A[9B[2K[worker  9] 10: started[0G[9A[10B[2K[worker 10] 9: done[0G[10A[9B[2K[worker  9] 10: processing[0G[9A[2K4: done
[2K
[2K
[2K
[2K
[2K
[2K
[2K
[2K
[2K
[2K
[10A[1B[2K[worker  1] 0: processing[0G[1A[2B[2K[worker  2] 1: done[0G[2A[3B[2K[worker  3] 2: done[0G[3A[4B[2K[worker  4] 11: started[0G[4A[5B[2K[worker  5] 4: done[0G[5A[6B[2K[worker  6] 5: done[0G[6A[7B[2K[worker  7] 12: started[0G[7A[8B[2K[worker  8] 7: processing[0G[8A[9B[2K[worker  9] 10: processing[0G[9A[10B[2K[worker 10] 9: done[0G[10A[2K2: done
[2K
[2K
[2K
[2K
[2K
[2K
[2K
[2K
[2K
[2K
[10A[1B[2K[worker  1] 0: processing[0G[1A[2B[2K[worker  2] 1: done[0G[2A[3B[2K[worker  3] 2: done[0G[3A[4B[2K[worker  4] 11: started[0G[4A[5B[2K[worker  5] 4: done[0G[5A[6B[2K[worker  6] 5: done[0G[6A[7B[2K[worker  7] 12: started[0G[7A[8B[2K[worker  8] 7: processing[0G[8A[9B[2K[worker  9] 10: processing[0G[9A[10B[2K[worker 10] 9: done[0G[10A[10B[2K[worker 10] 15: started[0G[10A[2K7: done
[2K
[2K
[2K
[2K
[2K
[2K
[2K
[2K
[2K
[2K
[10A[1B[2K[worker  1] 0: done[0G[1A[2B[2K[worker  2] 1: done[0G[2A[3B[2K[worker  3] 2: done[0G[3A[4B[2K[worker  4] 11: started[0G[4A[5B[2K[worker  5] 4: done[0G[5A[6B[2K[worker  6] 5: done[0G[6A[7B[2K[worker  7] 12: started[0G[7A[8B[2K[worker  8] 7: done[0G[8A[9B[2K[worker  9] 10: processing[0G[9A[10B[2K[worker 10] 15: started[0G[10A[2K0: done
[2K
[2K
[2K
[2K
[2K
[2K
[2K
[2K
[2K
[2K
[10A[1B[2K[worker  1] 0: done[0G[1A[2B[2K[worker  2] 1: done[0G[2A[3B[2K[worker  3] 2: done[0G[3A[4B[2K[worker  4] 11: started[0G[4A[5B[2K[worker  5] 4: done[0G[5A[6B[2K[worker  6] 5: done[0G[6A[7B[2K[worker  7] 12: started[0G[7A[8B[2K[worker  8] 18: started[0G[8A[9B[2K[worker  9] 10: processing[0G[9A[10B[2K[worker 10] 15: started[0G[10A[8B[2K[worker  8] 18: started[0G[8A[2B[2K[worker  2] 14: started[0G[2A[4B[2K[worker  4] 11: processing[0G[4A[6B[2K[worker  6] 13: started[0G[6A[3B[2K[worker  3] 17: started[0G[3A[2K10: done
[2K
[2K
[2K
[2K
[2K
[2K
[2K
[2K
[2K
[2K
[10A[1B[2K[worker  1] 0: done[0G[1A[2B[2K[worker  2] 14: started[0G[2A[3B[2K[worker  3] 17: started[0G[3A[4B[2K[worker  4] 11: processing[0G[4A[5B[2K[worker  5] 16: started[0G[5A[6B[2K[worker  6] 13: started[0G[6A[7B[2K[worker  7] 12: processing[0G[7A[8B[2K[worker  8] 18: started[0G[8A[9B[2K[worker  9] 10: done[0G[9A[10B[2K[worker 10] 15: started[0G[10A[5B[2K[worker  5] 16: started[0G[5A[7B[2K[worker  7] 12: processing[0G[7A[1B[2K[worker  1] 19: started[0G[1A[8B[2K[worker  8] 18: processing[0G[8A[1B[2K[worker  1] 19: processing[0G[1A[5B[2K[worker  5] 16: processing[0G[5A[2K11: done
[2K
[2K
[2K
[2K
[2K
[2K
[2K
[2K
[2K
[2K
[10A[1B[2K[worker  1] 19: processing[0G[1A[2B[2K[worker  2] 14: started[0G[2A[3B[2K[worker  3] 17: started[0G[3A[4B[2K[worker  4] 11: done[0G[4A[5B[2K[worker  5] 16: processing[0G[5A[6B[2K[worker  6] 13: started[0G[6A[7B[2K[worker  7] 12: processing[0G[7A[8B[2K[worker  8] 18: processing[0G[8A[9B[2K[worker  9] 10: done[0G[9A[10B[2K[worker 10] 15: processing[0G[10A[10B[2K[worker 10] 15: processing[0G[10A[2K15: done
[2K
[2K
[2K
[2K
[2K
[2K
[2K
[2K
[2K
[2K
[10A[1B[2K[worker  1] 19: processing[0G[1A[2B[2K[worker  2] 14: started[0G[2A[3B[2K[worker  3] 17: started[0G[3A[4B[2K[worker  4] 11: done[0G[4A[5B[2K[worker  5] 16: processing[0G[5A[6B[2K[worker  6] 13: started[0G[6A[7B[2K[worker  7] 12: processing[0G[7A[8B[2K[worker  8] 18: processing[0G[8A[9B[2K[worker  9] 10: done[0G[9A[10B[2K[worker 10] 15: done[0G[10A[10B[2K[worker 10] 22: started[0G[10A[9B[2K[worker  9] 20: started[0G[9A[6B[2K[worker  6] 13: processing[0G[6A[3B[2K[worker  3] 17: processing[0G[3A[2B[2K[worker  2] 14: processing[0G[2A[10B[2K[worker 10] 22: processing[0G[10A[2K18: done
[2K
[2K
[2K
[2K
[2K
[2K
[2K
[2K
[2K
[2K
[10A[1B[2K[worker  1] 19: processing[0G[1A[2B[2K[worker  2] 14: processing[0G[2A[3B[2K[worker  3] 17: processing[0G[3A[4B[2K[worker  4] 11: done[0G[4A[5B[2K[worker  5] 16: done[0G[5A[6B[2K[worker  6] 13: processing[0G[6A[7B[2K[worker  7] 12: done[0G[7A[8B[2K[worker  8] 18: done[0G[8A[9B[2K[worker  9] 20: started[0G[9A[10B[2K[worker 10] 22: processing[0G[10A[2K16: done
[2K
[2K
[2K
[2K
[2K
[2K
[2K
[2K
[2K
[2K
[10A[1B[2K[worker  1] 19: processing[0G[1A[2B[2K[worker  2] 14: processing[0G[2A[3B[2K[worker  3] 17: processing[0G[3A[4B[2K[worker  4] 11: done[0G[4A[5B[2K[worker  5] 16: done[0G[5A[6B[2K[worker  6] 13: processing[0G[6A[7B[2K[worker  7] 12: done[0G[7A[8B[2K[worker  8] 18: done[0G[8A[9B[2K[worker  9] 20: started[0G[9A[10B[2K[worker 10] 22: processing[0G[10A[2K12: done
[2K
[2K
[2K
[2K
[2K
[2K
[2K
[2K
[2K
[2K
[10A[1B[2K[worker  1] 19: processing[0G[1A[2B[2K[worker  2] 14: processing[0G[2A[3B[2K[worker  3] 17: processing[0G[3A[4B[2K[worker  4] 11: done[0G[4A[5B[2K[worker  5] 16: done[0G[5A[6B[2K[worker  6] 13: processing[0G[6A[7B[2K[worker  7] 12: done[0G[7A[8B[2K[worker  8] 18: done[0G[8A[9B[2K[worker  9] 20: started[0G[9A[10B[2K[worker 10] 22: processing[0G[10A[5B[2K[worker  5] 24: started[0G[5A[4B[2K[worker  4] 21: started[0G[4A[2K13: done
[2K
[2K
[2K
[2K
[2K
[2K
[2K
[2K
[2K
[2K
[10A[1B[2K[worker  1] 19: done[0G[1A[2B[2K[worker  2] 14: processing[0G[2A[3B[2K[worker  3] 17: processing[0G[3A[4B[2K[worker  4] 21: started[0G[4A[5B[2K[worker  5] 24: started[0G[5A[6B[2K[worker  6] 13: done[0G[6A[7B[2K[worker  7] 12: done[0G[7A[8B[2K[worker  8] 18: done[0G[8A[9B[2K[worker  9] 20: processing[0G[9A[10B[2K[worker 10] 22: processing[0G[10A[2K19: done
[2K
[2K
[2K
[2K
[2K
[2K
[2K
[2K
[2K
[2K
[10A[1B[2K[worker  1] 19: done[0G[1A[2B[2K[worker  2] 14: processing[0G[2A[3B[2K[worker  3] 17: processing[0G[3A[4B[2K[worker  4] 21: started[0G[4A[5B[2K[worker  5] 24: started[0G[5A[6B[2K[worker  6] 13: done[0G[6A[7B[2K[worker  7] 12: done[0G[7A[8B[2K[worker  8] 18: done[0G[8A[9B[2K[worker  9] 20: processing[0G[9A[10B[2K[worker 10] 22: processing[0G[10A[9B[2K[worker  9] 20: processing[0G[9A[1B[2K[worker  1] 27: started[0G[1A[1B[2K[worker  1] 27: processing[0G[1A[2K22: done
[2K
[2K
[2K
[2K
[2K
[2K
[2K
[2K
[2K
[2K
[10A[1B[2K[worker  1] 27: processing[0G[1A[2B[2K[worker  2] 14: processing[0G[2A[3B[2K[worker  3] 17: done[0G[3A[4B[2K[worker  4] 21: started[0G[4A[5B[2K[worker  5] 24: started[0G[5A[6B[2K[worker  6] 26: started[0G[6A[7B[2K[worker  7] 25: started[0G[7A[8B[2K[worker  8] 23: started[0G[8A[9B[2K[worker  9] 20: processing[0G[9A[10B[2K[worker 10] 22: done[0G[10A[6B[2K[worker  6] 26: started[0G[6A[8B[2K[worker  8] 23: started[0G[8A[2K17: done
[2K
[2K
[2K
[2K
[2K
[2K
[2K
[2K
[2K
[2K
[10A[1B[2K[worker  1] 27: processing[0G[1A[2B[2K[worker  2] 14: processing[0G[2A[3B[2K[worker  3] 17: done[0G[3A[4B[2K[worker  4] 21: started[0G[4A[5B[2K[worker  5] 24: started[0G[5A[6B[2K[worker  6] 26: started[0G[6A[7B[2K[worker  7] 25: started[0G[7A[8B[2K[worker  8] 23: started[0G[8A[9B[2K[worker  9] 20: processing[0G[9A[10B[2K[worker 10] 22: done[0G[10A[7B[2K[worker  7] 25: started[0G[7A[7B[2K[worker  7] 25: processing[0G[7A[5B[2K[worker  5] 24: processing[0G[5A[2K14: done
[2K
[2K
[2K
[2K
[2K
[2K
[2K
[2K
[2K
[2K
[10A[1B[2K[worker  1] 27: processing[0G[1A[2B[2K[worker  2] 14: done[0G[2A[3B[2K[worker  3] 17: done[0G[3A[4B[2K[worker  4] 21: started[0G[4A[5B[2K[worker  5] 24: processing[0G[5A[6B[2K[worker  6] 26: started[0G[6A[7B[2K[worker  7] 25: processing[0G[7A[8B[2K[worker  8] 23: started[0G[8A[9B[2K[worker  9] 20: done[0G[9A[10B[2K[worker 10] 22: done[0G[10A[2K20: done
[2K
[2K
[2K
[2K
[2K
[2K
[2K
[2K
[2K
[2K
[10A[1B[2K[worker  1] 27: processing[0G[1A[2B[2K[worker  2] 14: done[0G[2A[3B[2K[worker  3] 17: done[0G[3A[4B[2K[worker  4] 21: started[0G[4A[5B[2K[worker  5] 24: processing[0G[5A[6B[2K[worker  6] 26: started[0G[6A[7B[2K[worker  7] 25: processing[0G[7A[8B[2K[worker  8] 23: started[0G[8A[9B[2K[worker  9] 20: done[0G[9A[10B[2K[worker 10] 22: done[0G[10A[6B[2K[worker  6] 26: processing[0G[6A[2K25: done
[2K
[2K
[2K
[2K
[2K
[2K
[2K
[2K
[2K
[2K
[10A[1B[2K[worker  1] 27: processing[0G[1A[2B[2K[worker  2] 14: done[0G[2A[3B[2K[worker  3] 29: started[0G[3A[4B[2K[worker  4] 21: started[0G[4A[5B[2K[worker  5] 24: processing[0G[5A[6B[2K[worker  6] 26: processing[0G[6A[7B[2K[worker  7] 25: done[0G[7A[8B[2K[worker  8] 23: started[0G[8A[9B[2K[worker  9] 20: done[0G[9A[10B[2K[worker 10] 28: started[0G[10A[3B[2K[worker  3] 29: started[0G[3A[10B[2K[worker 10] 28: started[0G[10A[8B[2K[worker  8] 23: processing[0G[8A[2K23: done
[2K
[2K
[2K
[2K
[2K
[2K
[2K
[2K
[2K
[2K
[10A[1B[2K[worker  1] 27: processing[0G[1A[2B[2K[worker  2] 14: done[0G[2A[3B[2K[worker  3] 29: started[0G[3A[4B[2K[worker  4] 21: started[0G[4A[5B[2K[worker  5] 24: processing[0G[5A[6B[2K[worker  6] 26: processing[0G[6A[7B[2K[worker  7] 25: done[0G[7A[8B[2K[worker  8] 23: done[0G[8A[9B[2K[worker  9] 31: started[0G[9A[10B[2K[worker 10] 28: started[0G[10A[9B[2K[worker  9] 31: started[0G[9A[2K27: done
[2K
[2K
[2K
[2K
[2K
[2K
[2K
[2K
[2K
[2K
[10A[1B[2K[worker  1] 27: done[0G[1A[2B[2K[worker  2] 14: done[0G[2A[3B[2K[worker  3] 29: started[0G[3A[4B[2K[worker  4] 21: processing[0G[4A[5B[2K[worker  5] 24: done[0G[5A[6B[2K[worker  6] 26: done[0G[6A[7B[2K[worker  7] 25: done[0G[7A[8B[2K[worker  8] 23: done[0G[8A[9B[2K[worker  9] 31: started[0G[9A[10B[2K[worker 10] 28: processing[0G[10A[2K24: done
[2K
[2K
[2K
[2K
[2K
[2K
[2K
[2K
[2K
[2K
[10A[1B[2K[worker  1] 27: done[0G[1A[2B[2K[worker  2] 14: done[0G[2A[3B[2K[worker  3] 29: started[0G[3A[4B[2K[worker  4] 21: processing[0G[4A[5B[2K[worker  5] 24: done[0G[5A[6B[2K[worker  6] 26: done[0G[6A[7B[2K[worker  7] 25: done[0G[7A[8B[2K[worker  8] 23: done[0G[8A[9B[2K[worker  9] 31: started[0G[9A[10B[2K[worker 10] 28: processing[0G[10A[1B[2K[worker  1] 34: started[0G[1A[10B[2K[worker 10] 28: processing[0G[10A[2K26: done
[2K
[2K
[2K
[2K
[2K
[2K
[2K
[2K
[2K
[2K
[10A[1B[2K[worker  1] 34: started[0G[1A[2B[2K[worker  2] 14: done[0G[2A[3B[2K[worker  3] 29: started[0G[3A[4B[2K[worker  4] 21: processing[0G[4A[5B[2K[worker  5] 24: done[0G[5A[6B[2K[worker  6] 26: done[0G[6A[7B[2K[worker  7] 25: done[0G[7A[8B[2K[worker  8] 23: done[0G[8A[9B[2K[worker  9] 31: started[0G[9A[10B[2K[worker 10] 28: processing[0G[10A[4B[2K[worker  4] 21: processing[0G[4A[2K28: done
[2K
[2K
[2K
[2K
[2K
[2K
[2K
[2K
[2K
[2K
[10A[1B[2K[worker  1] 34: started[0G[1A[2B[2K[worker  2] 30: started[0G[2A[3B[2K[worker  3] 29: started[0G[3A[4B[2K[worker  4] 21: processing[0G[4A[5B[2K[worker  5] 24: done[0G[5A[6B[2K[worker  6] 26: done[0G[6A[7B[2K[worker  7] 32: started[0G[7A[8B[2K[worker  8] 23: done[0G[8A[9B[2K[worker  9] 31: started[0G[9A[10B[2K[worker 10] 28: done[0G[10A[7B[2K[worker  7] 32: started[0G[7A[2B[2K[worker  2] 30: started[0G[2A[9B[2K[worker  9] 31: processing[0G[9A[8B[2K[worker  8] 33: started[0G[8A[1B[2K[worker  1] 34: processing[0G[1A[3B[2K[worker  3] 29: processing[0G[3A[8B[2K[worker  8] 33: processing[0G[8A[5B[2K[worker  5] 35: started[0G[5A[6B[2K[worker  6] 36: started[0G[6A[6B[2K[worker  6] 36: processing[0G[6A[7B[2K[worker  7] 32: processing[0G[7A[2K21: done
[2K
[2K
[2K
[2K
[2K
[2K
[2K
[2K
[2K
[2K
[10A[1B[2K[worker  1] 34: done[0G[1A[2B[2K[worker  2] 30: started[0G[2A[3B[2K[worker  3] 29: processing[0G[3A[4B[2K[worker  4] 21: done[0G[4A[5B[2K[worker  5] 35: started[0G[5A[6B[2K[worker  6] 36: processing[0G[6A[7B[2K[worker  7] 32: processing[0G[7A[8B[2K[worker  8] 33: processing[0G[8A[9B[2K[worker  9] 31: done[0G[9A[10B[2K[worker 10] 37: started[0G[10A[2K34: done
[2K
[2K
[2K
[2K
[2K
[2K
[2K
[2K
[2K
[2K
[10A[1B[2K[worker  1] 34: done[0G[1A[2B[2K[worker  2] 30: started[0G[2A[3B[2K[worker  3] 29: processing[0G[3A[4B[2K[worker  4] 38: started[0G[4A[5B[2K[worker  5] 35: started[0G[5A[6B[2K[worker  6] 36: processing[0G[6A[7B[2K[worker  7] 32: processing[0G[7A[8B[2K[worker  8] 33: processing[0G[8A[9B[2K[worker  9] 31: done[0G[9A[10B[2K[worker 10] 37: started[0G[10A[10B[2K[worker 10] 37: started[0G[10A[2K31: done
[2K
[2K
[2K
[2K
[2K
[2K
[2K
[2K
[2K
[2K
[10A[1B[2K[worker  1] 34: done[0G[1A[2B[2K[worker  2] 30: started[0G[2A[3B[2K[worker  3] 29: processing[0G[3A[4B[2K[worker  4] 38: started[0G[4A[5B[2K[worker  5] 35: started[0G[5A[6B[2K[worker  6] 36: processing[0G[6A[7B[2K[worker  7] 32: processing[0G[7A[8B[2K[worker  8] 33: processing[0G[8A[9B[2K[worker  9] 31: done[0G[9A[10B[2K[worker 10] 37: started[0G[10A[4B[2K[worker  4] 38: started[0G[4A[4B[2K[worker  4] 38: processing[0G[4A[2K38: done
[2K
[2K
[2K
[2K
[2K
[2K
[2K
[2K
[2K
[2K
[10A[1B[2K[worker  1] 34: done[0G[1A[2B[2K[worker  2] 30: started[0G[2A[3B[2K[worker  3] 29: processing[0G[3A[4B[2K[worker  4] 38: done[0G[4A[5B[2K[worker  5] 35: started[0G[5A[6B[2K[worker  6] 36: processing[0G[6A[7B[2K[worker  7] 32: processing[0G[7A[8B[2K[worker  8] 33: processing[0G[8A[9B[2K[worker  9] 31: done[0G[9A[10B[2K[worker 10] 37: started[0G[10A[4B[2K[worker  4] 41: started[0G[4A[4B[2K[worker  4] 41: processing[0G[4A[9B[2K[worker  9] 40: started[0G[9A[9B[2K[worker  9] 40: processing[0G[9A[1B[2K[worker  1] 39: started[0G[1A[2B[2K[worker  2] 30: processing[0G[2A[5B[2K[worker  5] 35: processing[0G[5A[2K29: done
[2K
[2K
[2K
[2K
[2K
[2K
[2K
[2K
[2K
[2K
[10A[1B[2K[worker  1] 39: started[0G[1A[2B[2K[worker  2] 30: processing[0G[2A[3B[2K[worker  3] 29: done[0G[3A[4B[2K[worker  4] 41: processing[0G[4A[5B[2K[worker  5] 35: processing[0G[5A[6B[2K[worker  6] 36: processing[0G[6A[7B[2K[worker  7] 32: processing[0G[7A[8B[2K[worker  8] 33: processing[0G[8A[9B[2K[worker  9] 40: processing[0G[9A[10B[2K[worker 10] 37: started[0G[10A[10B[2K[worker 10] 37: processing[0G[10A[2K40: done
[2K
[2K
[2K
[2K
[2K
[2K
[2K
[2K
[2K
[2K
[10A[1B[2K[worker  1] 39: started[0G[1A[2B[2K[worker  2] 30: processing[0G[2A[3B[2K[worker  3] 29: done[0G[3A[4B[2K[worker  4] 41: processing[0G[4A[5B[2K[worker  5] 35: processing[0G[5A[6B[2K[worker  6] 36: processing[0G[6A[7B[2K[worker  7] 32: processing[0G[7A[8B[2K[worker  8] 33: processing[0G[8A[9B[2K[worker  9] 40: done[0G[9A[10B[2K[worker 10] 37: processing[0G[10A[2K33: done
[2K
[2K
[2K
[2K
[2K
[2K
[2K
[2K
[2K
[2K
[10A[1B[2K[worker  1] 39: started[0G[1A[2B[2K[worker  2] 30: processing[0G[2A[3B[2K[worker  3] 29: done[0G[3A[4B[2K[worker  4] 41: processing[0G[4A[5B[2K[worker  5] 35: processing[0G[5A[6B[2K[worker  6] 36: done[0G[6A[7B[2K[worker  7] 32: done[0G[7A[8B[2K[worker  8] 33: done[0G[8A[9B[2K[worker  9] 40: done[0G[9A[10B[2K[worker 10] 37: processing[0G[10A[2K36: done
[2K
[2K
[2K
[2K
[2K
[2K
[2K
[2K
[2K
[2K
[10A[1B[2K[worker  1] 39: started[0G[1A[2B[2K[worker  2] 30: processing[0G[2A[3B[2K[worker  3] 29: done[0G[3A[4B[2K[worker  4] 41: processing[0G[4A[5B[2K[worker  5] 35: processing[0G[5A[6B[2K[worker  6] 36: done[0G[6A[7B[2K[worker  7] 32: done[0G[7A[8B[2K[worker  8] 33: done[0G[8A[9B[2K[worker  9] 40: done[0G[9A[10B[2K[worker 10] 37: processing[0G[10A[2K32: done
[2K
[2K
[2K
[2K
[2K
[2K
[2K
[2K
[2K
[2K
[10A[1B[2K[worker  1] 39: started[0G[1A[2B[2K[worker  2] 30: processing[0G[2A[3B[2K[worker  3] 29: done[0G[3A[4B[2K[worker  4] 41: processing[0G[4A[5B[2K[worker  5] 35: processing[0G[5A[6B[2K[worker  6] 36: done[0G[6A[7B[2K[worker  7] 32: done[0G[7A[8B[2K[worker  8] 33: done[0G[8A[9B[2K[worker  9] 40: done[0G[9A[10B[2K[worker 10] 37: done[0G[10A[2K37: done
[2K
[2K
[2K
[2K
[2K
[2K
[2K
[2K
[2K
[2K
[10A[1B[2K[worker  1] 39: started[0G[1A[2B[2K[worker  2] 30: processing[0G[2A[3B[2K[worker  3] 29: done[0G[3A[4B[2K[worker  4] 41: processing[0G[4A[5B[2K[worker  5] 35: processing[0G[5A[6B[2K[worker  6] 36: done[0G[6A[7B[2K[worker  7] 32: done[0G[7A[8B[2K[worker  8] 33: done[0G[8A[9B[2K[worker  9] 40: done[0G[9A[10B[2K[worker 10] 37: done[0G[10A[2K41: done
[2K
[2K
[2K
[2K
[2K
[2K
[2K
[2K
[2K
[2K
[10A[1B[2K[worker  1] 39: started[0G[1A[2B[2K[worker  2] 30: processing[0G[2A[3B[2K[worker  3] 29: done[0G[3A[4B[2K[worker  4] 41: done[0G[4A[5B[2K[worker  5] 35: processing[0G[5A[6B[2K[worker  6] 36: done[0G[6A[7B[2K[worker  7] 32: done[0G[7A[8B[2K[worker  8] 33: done[0G[8A[9B[2K[worker  9] 40: done[0G[9A[10B[2K[worker 10] 47: started[0G[10A[10B[2K[worker 10] 47: started[0G[10A[2K30: done
[2K
[2K
[2K
[2K
[2K
[2K
[2K
[2K
[2K
[2K
[10A[1B[2K[worker  1] 39: processing[0G[1A[2B[2K[worker  2] 30: done[0G[2A[3B[2K[worker  3] 42: started[0G[3A[4B[2K[worker  4] 41: done[0G[4A[5B[2K[worker  5] 35: done[0G[5A[6B[2K[worker  6] 36: done[0G[6A[7B[2K[worker  7] 32: done[0G[7A[8B[2K[worker  8] 44: started[0G[8A[9B[2K[worker  9] 40: done[0G[9A[10B[2K[worker 10] 47: started[0G[10A[8B[2K[worker  8] 44: started[0G[8A[1B[2K[worker  1] 39: processing[0G[1A[3B[2K[worker  3] 42: started[0G[3A[2K35: done
[2K
[2K
[2K
[2K
[2K
[2K
[2K
[2K
[2K
[2K
[10A[1B[2K[worker  1] 39: processing[0G[1A[2B[2K[worker  2] 30: done[0G[2A[3B[2K[worker  3] 42: started[0G[3A[4B[2K[worker  4] 41: done[0G[4A[5B[2K[worker  5] 35: done[0G[5A[6B[2K[worker  6] 36: done[0G[6A[7B[2K[worker  7] 32: done[0G[7A[8B[2K[worker  8] 44: started[0G[8A[9B[2K[worker  9] 40: done[0G[9A[10B[2K[worker 10] 47: started[0G[10A[2B[2K[worker  2] 49: started[0G[2A[10B[2K[worker 10] 47: processing[0G[10A[9B[2K[worker  9] 43: started[0G[9A[7B[2K[worker  7] 46: started[0G[7A[4B[2K[worker  4] 48: started[0G[4A[6B[2K[worker  6] 45: started[0G[6A[2B[2K[worker  2] 49: processing[0G[2A[2K39: done
[2K
[2K
[2K
[2K
[2K
[2K
[2K
[2K
[2K
[2K
[10A[1B[2K[worker  1] 39: done[0G[1A[2B[2K[worker  2] 49: processing[0G[2A[3B[2K[worker  3] 42: processing[0G[3A[4B[2K[worker  4] 48: started[0G[4A[5B[2K[worker  5] 35: done[0G[5A[6B[2K[worker  6] 45: started[0G[6A[7B[2K[worker  7] 46: started[0G[7A[8B[2K[worker  8] 44: processing[0G[8A[9B[2K[worker  9] 43: started[0G[9A[10B[2K[worker 10] 47: processing[0G[10A[8B[2K[worker  8] 44: processing[0G[8A[3B[2K[worker  3] 42: processing[0G[3A[2K47: done
[2K
[2K
[2K
[2K
[2K
[2K
[2K
[2K
[2K
[2K
[10A[1B[2K[worker  1] 39: done[0G[1A[2B[2K[worker  2] 49: processing[0G[2A[3B[2K[worker  3] 42: processing[0G[3A[4B[2K[worker  4] 48: started[0G[4A[5B[2K[worker  5] 35: done[0G[5A[6B[2K[worker  6] 45: started[0G[6A[7B[2K[worker  7] 46: started[0G[7A[8B[2K[worker  8] 44: processing[0G[8A[9B[2K[worker  9] 43: started[0G[9A[10B[2K[worker 10] 47: done[0G[10A[4B[2K[worker  4] 48: processing[0G[4A[7B[2K[worker  7] 46: processing[0G[7A[9B[2K[worker  9] 43: processing[0G[9A[2K42: done
[2K
[2K
[2K
[2K
[2K
[2K
[2K
[2K
[2K
[2K
[10A[1B[2K[worker  1] 39: done[0G[1A[2B[2K[worker  2] 49: processing[0G[2A[3B[2K[worker  3] 42: done[0G[3A[4B[2K[worker  4] 48: processing[0G[4A[5B[2K[worker  5] 35: done[0G[5A[6B[2K[worker  6] 45: started[0G[6A[7B[2K[worker  7] 46: processing[0G[7A[8B[2K[worker  8] 44: processing[0G[8A[9B[2K[worker  9] 43: processing[0G[9A[10B[2K[worker 10] 47: done[0G[10A[2K44: done
[2K
[2K
[2K
[2K
[2K
[2K
[2K
[2K
[2K
[2K
[10A[1B[2K[worker  1] 39: done[0G[1A[2B[2K[worker  2] 49: processing[0G[2A[3B[2K[worker  3] 42: done[0G[3A[4B[2K[worker  4] 48: processing[0G[4A[5B[2K[worker  5] 35: done[0G[5A[6B[2K[worker  6] 45: started[0G[6A[7B[2K[worker  7] 46: done[0G[7A[8B[2K[worker  8] 44: done[0G[8A[9B[2K[worker  9] 43: done[0G[9A[10B[2K[worker 10] 47: done[0G[10A[2K43: done
[2K
[2K
[2K
[2K
[2K
[2K
[2K
[2K
[2K
[2K
[10A[1B[2K[worker  1] 39: done[0G[1A[2B[2K[worker  2] 49: processing[0G[2A[3B[2K[worker  3] 42: done[0G[3A[4B[2K[worker  4] 48: processing[0G[4A[5B[2K[worker  5] 35: done[0G[5A[6B[2K[worker  6] 45: started[0G[6A[7B[2K[worker  7] 46: done[0G[7A[8B[2K[worker  8] 44: done[0G[8A[9B[2K[worker  9] 43: done[0G[9A[10B[2K[worker 10] 47: done[0G[10A[2K46: done
[2K
[2K
[2K
[2K
[2K
[2K
[2K
[2K
[2K
[2K
[10A[1B[2K[worker  1] 39: done[0G[1A[2B[2K[worker  2] 49: processing[0G[2A[3B[2K[worker  3] 42: done[0G[3A[4B[2K[worker  4] 48: processing[0G[4A[5B[2K[worker  5] 35: done[0G[5A[6B[2K[worker  6] 45: started[0G[6A[7B[2K[worker  7] 46: done[0G[7A[8B[2K[worker  8] 44: done[0G[8A[9B[2K[worker  9] 43: done[0G[9A[10B[2K[worker 10] 47: done[0G[10A[2K49: done
[2K
[2K
[2K
[2K
[2K
[2K
[2K
[2K
[2K
[2K
[10A[1B[2K[worker  1] 39: done[0G[1A[2B[2K[worker  2] 49: done[0G[2A[3B[2K[worker  3] 42: done[0G[3A[4B[2K[worker  4] 48: processing[0G[4A[5B[2K[worker  5] 35: done[0G[5A[6B[2K[worker  6] 45: processing[0G[6A[7B[2K[worker  7] 46: done[0G[7A[8B[2K[worker  8] 44: done[0G[8A[9B[2K[worker  9] 43: done[0G[9A[10B[2K[worker 10] 47: done[0G[10A[6B[2K[worker  6] 45: processing[0G[6A[2K45: done
[2K
[2K
[2K
[2K
[2K
[2K
[2K
[2K
[2K
[2K
[10A[1B[2K[worker  1] 39: done[0G[1A[2B[2K[worker  2] 49: done[0G[2A[3B[2K[worker  3] 42: done[0G[3A[4B[2K[worker  4] 48: processing[0G[4A[5B[2K[worker  5] 35: done[0G[5A[6B[2K[worker  6] 45: done[0G[6A[7B[2K[worker  7] 46: done[0G[7A[8B[2K[worker  8] 44: done[0G[8A[9B[2K[worker  9] 43: done[0G[9A[10B[2K[worker 10] 47: done[0G[10A[2K48: done
[2K
[2K
[2K
[2K
[2K
[2K
[2K
[2K
[2K
[2K
[10A[1B[2K[worker  1] 39: done[0G[1A[2B[2K[worker  2] 49: done[0G[2A[3B[2K[worker  3] 42: done[0G[3A[4B[2K[worker  4] 48: done[0G[4A[5B[2K[worker  5] 35: done[0G[5A[6B[2K[worker  6] 45: done[0G[6A[7B[2K[worker  7] 46: done[0G[7A[8B[2K[worker  8] 44: done[0G[8A[9B[2K[worker  9] 43: done[0G[9A[10B[2K[worker 10] 47: done[0G[10A[0J